match: rule=<its:locNoteRule>; selector=<msg id="InvalidParameter">
match: rule=<its:locNoteRule>; selector=<msg id="webNote">
converting document elements into HTML
processing <body>
setting @title of <body> to 'body'
processing <head>
setting @title of <head> to 'head'
removing <its:rules>
renaming <head> to <div>
processing <para>
setting @title of <para> to 'para'
processing <msg id="InvalidParameter">
setting @title of <msg> to 'msg'
renaming <msg> to <span>
processing <msg id="webNote">
setting @title of <msg> to 'msg'
renaming <msg> to <span>
renaming <para> to <div>
renaming <body> to <div>
wrapping document in HTML structure
Creating new <span> element to represent node of type ATT (id)
Creating new <span> element to represent node of type ATT (id)
Creating new its:rules element to contain all rules
Setting id of <span> to ITS_1
Creating new rule <its:locNoteRule> to match [selector=<span id="ITS_1">]
Setting id of <span> to ITS_2
Creating new rule <its:locNoteRule> to match [selector=<span id="ITS_2">]
Setting id of <span> to ITS_3
Setting id of <span> to ITS_4
Creating new rule <its:translateRule> to prevent false inheritance
Creating new rule <its:withinTextRule> to set correct withinText default on <span> elements
Creating new rule <its:translateRule> to reset its:translateRule on new attributes
Creating new rule <its:dirRule> to reset its:dirRule on new attributes
Creating new rule <its:localeFilterRule> to reset its:localeFilterRule on new attributes
