converting document elements into HTML
processing <body>
removing @its:version[2.0] from <body>
setting @title of <body> to 'body'
stripping namespaces from <body>
processing <para>
setting @title of <para> to 'para'
processing <msg>
Replacing @its:locNoteType of <msg> with its-loc-note-type
Replacing @its:locNote of <msg> with its-loc-note
setting @title of <msg> to 'msg'
stripping namespaces from <msg>
renaming <msg> to <span>
processing <msg>
Replacing @its:locNoteType of <msg> with its-loc-note-type
Replacing @its:locNote of <msg> with its-loc-note
setting @title of <msg> to 'msg'
stripping namespaces from <msg>
renaming <msg> to <span>
renaming <para> to <div>
renaming <body> to <div>
wrapping document in HTML structure
Creating new its:rules element to contain all rules
Creating new rule <its:withinTextRule> to set correct withinText default on <span> elements
Creating new rule <its:translateRule> to reset its:translateRule on new attributes
Creating new rule <its:dirRule> to reset its:dirRule on new attributes
Creating new rule <its:localeFilterRule> to reset its:localeFilterRule on new attributes
